D:\Github\WineShopManage\WineShopManage\x64\Release\cl.command.1.tlog
D:\Github\WineShopManage\WineShopManage\x64\Release\CL.read.1.tlog
D:\Github\WineShopManage\WineShopManage\x64\Release\CL.write.1.tlog
D:\GITHUB\WINESHOPMANAGE\WINESHOPMANAGE\X64\RELEASE\DBOPERATION.OBJ
D:\Github\WineShopManage\WineShopManage\x64\Release\link.command.1.tlog
D:\Github\WineShopManage\WineShopManage\x64\Release\link.read.1.tlog
D:\Github\WineShopManage\WineShopManage\x64\Release\link.write.1.tlog
D:\Github\WineShopManage\WineShopManage\x64\Release\link-cvtres.read.1.tlog
D:\Github\WineShopManage\WineShopManage\x64\Release\link-cvtres.write.1.tlog
D:\Github\WineShopManage\WineShopManage\x64\Release\msado15.tlh
D:\Github\WineShopManage\WineShopManage\x64\Release\msado15.tli
D:\Github\WineShopManage\WineShopManage\x64\Release\mt.command.1.tlog
D:\Github\WineShopManage\WineShopManage\x64\Release\mt.read.1.tlog
D:\Github\WineShopManage\WineShopManage\x64\Release\mt.write.1.tlog
D:\Github\WineShopManage\WineShopManage\x64\Release\rc.command.1.tlog
D:\Github\WineShopManage\WineShopManage\x64\Release\rc.read.1.tlog
D:\Github\WineShopManage\WineShopManage\x64\Release\rc.write.1.tlog
D:\GITHUB\WINESHOPMANAGE\WINESHOPMANAGE\X64\RELEASE\STAFF.OBJ
D:\GITHUB\WINESHOPMANAGE\WINESHOPMANAGE\X64\RELEASE\STAFFINFO.OBJ
D:\GITHUB\WINESHOPMANAGE\WINESHOPMANAGE\X64\RELEASE\STAFFMVDLG.OBJ
D:\GITHUB\WINESHOPMANAGE\WINESHOPMANAGE\X64\RELEASE\STDAFX.OBJ
D:\GITHUB\WINESHOPMANAGE\WINESHOPMANAGE\X64\RELEASE\VC100.PDB
D:\GITHUB\WINESHOPMANAGE\WINESHOPMANAGE\X64\RELEASE\WINESHOPMANAGE.EXE.INTERMEDIATE.MANIFEST
D:\GITHUB\WINESHOPMANAGE\WINESHOPMANAGE\X64\RELEASE\WINESHOPMANAGE.OBJ
D:\GITHUB\WINESHOPMANAGE\WINESHOPMANAGE\X64\RELEASE\WINESHOPMANAGE.PCH
D:\GITHUB\WINESHOPMANAGE\WINESHOPMANAGE\X64\RELEASE\WINESHOPMANAGE.RES
D:\Github\WineShopManage\WineShopManage\x64\Release\WineShopManage.write.1.tlog
D:\GITHUB\WINESHOPMANAGE\WINESHOPMANAGE\X64\RELEASE\WINESHOPMANAGEDLG.OBJ
D:\GITHUB\WINESHOPMANAGE\X64\RELEASE\WINESHOPMANAGE.EXE
D:\GITHUB\WINESHOPMANAGE\X64\RELEASE\WINESHOPMANAGE.PDB
